<?xml version="1.0" encoding="UTF-8"?>
<testsuite xmlns:xsi="http://www.w3.org/2001/XMLSchema-instance" xsi:schemaLocation="https://maven.apache.org/surefire/maven-surefire-plugin/xsd/surefire-test-report.xsd" name="ru.spbstu.telematics.java.BagTest" time="0.02" tests="16" errors="0" skipped="0" failures="0">
  <properties>
[...]
</properties>
  <testcase name="testGetCount" classname="ru.spbstu.telematics.java.BagTest" time="0.002"/>
  <testcase name="testToArray1" classname="ru.spbstu.telematics.java.BagTest" time="0"/>
  <testcase name="testToArray" classname="ru.spbstu.telematics.java.BagTest" time="0"/>
  <testcase name="testAdd" classname="ru.spbstu.telematics.java.BagTest" time="0"/>
  <testcase name="testClear" classname="ru.spbstu.telematics.java.BagTest" time="0"/>
  <testcase name="testAdd1" classname="ru.spbstu.telematics.java.BagTest" time="0"/>
  <testcase name="testSize" classname="ru.spbstu.telematics.java.BagTest" time="0"/>
  <testcase name="testRetainAll" classname="ru.spbstu.telematics.java.BagTest" time="0.001"/>
  <testcase name="testContainsAll" classname="ru.spbstu.telematics.java.BagTest" time="0"/>
  <testcase name="testUniqueSet" classname="ru.spbstu.telematics.java.BagTest" time="0"/>
  <testcase name="testContains" classname="ru.spbstu.telematics.java.BagTest" time="0"/>
  <testcase name="testRemove1" classname="ru.spbstu.telematics.java.BagTest" time="0"/>
  <testcase name="testAddAll" classname="ru.spbstu.telematics.java.BagTest" time="0"/>
  <testcase name="testRemove" classname="ru.spbstu.telematics.java.BagTest" time="0"/>
  <testcase name="testIterator" classname="ru.spbstu.telematics.java.BagTest" time="0.001"/>
  <testcase name="testRemoveAll" classname="ru.spbstu.telematics.java.BagTest" time="0"/>
</testsuite>