<?xml version="1.0" encoding="UTF-8"?>
<testsuite xmlns:xsi="http://www.w3.org/2001/XMLSchema-instance" xsi:noNamespaceSchemaLocation="https://maven.apache.org/surefire/maven-surefire-plugin/xsd/surefire-test-report-3.0.xsd" version="3.0" name="ru.spbstu.telematics.java.MainTest" time="34.928" tests="3" errors="0" skipped="0" failures="0">
  <properties>
[...]
</properties>
  <testcase name="testTrafficLightSwitching" classname="ru.spbstu.telematics.java.MainTest" time="13.83">
    <system-out><![CDATA[Car from N to S is arriving
Car from W to E is arriving
Car from S to W is arriving
Car from N to S is waiting
Car from W to E is arriving
Car from N to S is arriving
Car from N to S is arriving
Car from S to W is arriving
Car from N to S is waiting
Car from S to W is arriving
Car from W to E is arriving
Car from S to W is arriving
Car from S to W is waiting
Car from W to E is waiting
Car from S to W is waiting
Car from W to E is waiting
Car from N to S is waiting
Car from S to W is waiting
Car from S to W is waiting
Car from W to E is waiting
Traffic light was changed to green for cars from N
Car from N to S left
Car from W to E is arriving
Car from W to E is waiting
Car from N to S left
Car from N to S is arriving
Car from N to S left
Car from N to S is waiting
Car from S to W is arriving
Car from S to W is waiting
Traffic light was changed to green for cars from N
Car from N to S left
Car from W to E is arriving
Car from W to E is waiting
Traffic light was changed to green for cars from S
Car from S to W left
Car from N to S is arriving
Car from S to W left
Car from S to W is arriving
Car from S to W left
Car from S to W left
Car from W to E is arriving
Car from W to E is waiting
Car from N to S is arriving
Car from N to S is waiting
Car from S to W left
Car from N to S is waiting
Car from S to W is arriving
Car from S to W is waiting
Car from S to W is waiting
Traffic light was changed to green for cars from N
Car from N to S left
Car from W to E is arriving
Car from W to E is waiting
Car from N to S left
Traffic light was changed to green for cars from S
Car from S to W left
Car from S to W left
Traffic light was changed to green for cars from W
Car from W to E left
Car from W to E left
Car from W to E left
Car from W to E left
Car from W to E left
Car from W to E left
Car from W to E left
]]></system-out>
  </testcase>
  <testcase name="testNoDeadlock" classname="ru.spbstu.telematics.java.MainTest" time="5.011">
    <system-out><![CDATA[Car from S to W is arriving
Car from W to E is arriving
Car from S to W is waiting
Car from W to E is waiting
Car from N to S is arriving
Car from N to S is waiting
Car from S to W is arriving
Car from S to W is waiting
Car from W to E is arriving
Car from W to E is waiting
Car from N to S is arriving
Car from N to S is waiting
Car from W to E is arriving
Car from S to W is arriving
Car from N to S is arriving
Car from W to E is waiting
Car from S to W is waiting
Car from S to W is arriving
Car from N to S is waiting
Car from S to W is waiting
]]></system-out>
  </testcase>
  <testcase name="testNoRaceConditions" classname="ru.spbstu.telematics.java.MainTest" time="16.075">
    <system-out><![CDATA[Car from S to W is arriving
Car from S to W is waiting
Car from N to S is arriving
Car from N to S is waiting
Car from S to W is arriving
Car from S to W is waiting
Car from W to E is arriving
Car from W to E is waiting
Traffic light was changed to green for cars from N
Car from N to S left
Car from W to E is arriving
Car from W to E is waiting
Traffic light was changed to green for cars from S
Car from S to W left
Car from N to S is arriving
Car from S to W left
Car from N to S is waiting
Car from S to W is arriving
Car from S to W is waiting
Traffic light was changed to green for cars from N
Car from N to S left
Car from W to E is arriving
Car from W to E is waiting
Traffic light was changed to green for cars from S
Car from S to W left
Car from N to S is arriving
Car from N to S is waiting
Traffic light was changed to green for cars from N
Car from N to S left
Car from S to W is arriving
Car from S to W is waiting
Traffic light was changed to green for cars from S
Car from S to W left
Traffic light was changed to green for cars from W
Car from W to E left
Car from W to E left
Car from W to E left
]]></system-out>
  </testcase>
</testsuite>